# JRE version: Java(TM) SE Runtime Environment (8.0_241-b07) (build 1.8.0_241-b07)
# Java VM: Java HotSpot(TM) 64-Bit Server VM (25.241-b07 mixed mode windows-amd64 compressed oops)
Heap:
 PSYoungGen      total 1158656K, used 390699K [0x000000076b400000, 0x00000007b4000000, 0x00000007c0000000)
  eden space 1136128K, 32% used [0x000000076b400000,0x0000000782066210,0x00000007b0980000)
  from space 22528K, 77% used [0x00000007b2100000,0x00000007b3224ba0,0x00000007b3700000)
  to   space 24064K, 0% used [0x00000007b0980000,0x00000007b0980000,0x00000007b2100000)
 ParOldGen       total 232960K, used 97945K [0x00000006c1c00000, 0x00000006cff80000, 0x000000076b400000)
  object space 232960K, 42% used [0x00000006c1c00000,0x00000006c7ba6540,0x00000006cff80000)
 Metaspace       used 45490K, capacity 48665K, committed 48808K, reserved 1089536K
  class space    used 6900K, capacity 7842K, committed 7848K, reserved 1048576K
GC Heap History (10 events):
Event: 25.816 GC heap before
{Heap before GC invocations=32 (full 2):
 PSYoungGen      total 1124352K, used 1105138K [0x000000076b400000, 0x00000007b1880000, 0x00000007c0000000)
  eden space 1097216K, 100% used [0x000000076b400000,0x00000007ae380000,0x00000007ae380000)
  from space 27136K, 29% used [0x00000007ae380000,0x00000007aeb3cba0,0x00000007afe00000)
  to   space 23040K, 0% used [0x00000007b0200000,0x00000007b0200000,0x00000007b1880000)
 ParOldGen       total 232960K, used 97121K [0x00000006c1c00000, 0x00000006cff80000, 0x000000076b400000)
  object space 232960K, 41% used [0x00000006c1c00000,0x00000006c7ad8540,0x00000006cff80000)
 Metaspace       used 45450K, capacity 48601K, committed 48808K, reserved 1089536K
  class space    used 6898K, capacity 7842K, committed 7848K, reserved 1048576K
Event: 25.821 GC heap after
Heap after GC invocations=32 (full 2):
 PSYoungGen      total 1120256K, used 9018K [0x000000076b400000, 0x00000007b1880000, 0x00000007c0000000)
  eden space 1097216K, 0% used [0x000000076b400000,0x000000076b400000,0x00000007ae380000)
  from space 23040K, 39% used [0x00000007b0200000,0x00000007b0aceba8,0x00000007b1880000)
  to   space 27136K, 0% used [0x00000007ae380000,0x00000007ae380000,0x00000007afe00000)
 ParOldGen       total 232960K, used 97273K [0x00000006c1c00000, 0x00000006cff80000, 0x000000076b400000)
  object space 232960K, 41% used [0x00000006c1c00000,0x00000006c7afe540,0x00000006cff80000)
 Metaspace       used 45450K, capacity 48601K, committed 48808K, reserved 1089536K
  class space    used 6898K, capacity 7842K, committed 7848K, reserved 1048576K
}
Event: 26.369 GC heap before
{Heap before GC invocations=33 (full 2):
 PSYoungGen      total 1120256K, used 1106234K [0x000000076b400000, 0x00000007b1880000, 0x00000007c0000000)
  eden space 1097216K, 100% used [0x000000076b400000,0x00000007ae380000,0x00000007ae380000)
  from space 23040K, 39% used [0x00000007b0200000,0x00000007b0aceba8,0x00000007b1880000)
  to   space 27136K, 0% used [0x00000007ae380000,0x00000007ae380000,0x00000007afe00000)
 ParOldGen       total 232960K, used 97273K [0x00000006c1c00000, 0x00000006cff80000, 0x000000076b400000)
  object space 232960K, 41% used [0x00000006c1c00000,0x00000006c7afe540,0x00000006cff80000)
 Metaspace       used 45453K, capacity 48601K, committed 48808K, reserved 1089536K
  class space    used 6898K, capacity 7842K, committed 7848K, reserved 1048576K
Event: 26.378 GC heap after
Heap after GC invocations=33 (full 2):
 PSYoungGen      total 1124352K, used 9362K [0x000000076b400000, 0x00000007b3280000, 0x00000007c0000000)
  eden space 1097216K, 0% used [0x000000076b400000,0x000000076b400000,0x00000007ae380000)
  from space 27136K, 34% used [0x00000007ae380000,0x00000007aeca4ba0,0x00000007afe00000)
  to   space 21504K, 0% used [0x00000007b1d80000,0x00000007b1d80000,0x00000007b3280000)
 ParOldGen       total 232960K, used 97409K [0x00000006c1c00000, 0x00000006cff80000, 0x000000076b400000)
  object space 232960K, 41% used [0x00000006c1c00000,0x00000006c7b20540,0x00000006cff80000)
 Metaspace       used 45453K, capacity 48601K, committed 48808K, reserved 1089536K
  class space    used 6898K, capacity 7842K, committed 7848K, reserved 1048576K
}
Event: 26.850 GC heap before
{Heap before GC invocations=34 (full 2):
 PSYoungGen      total 1124352K, used 1106578K [0x000000076b400000, 0x00000007b3280000, 0x00000007c0000000)
  eden space 1097216K, 100% used [0x000000076b400000,0x00000007ae380000,0x00000007ae380000)
  from space 27136K, 34% used [0x00000007ae380000,0x00000007aeca4ba0,0x00000007afe00000)
  to   space 21504K, 0% used [0x00000007b1d80000,0x00000007b1d80000,0x00000007b3280000)
 ParOldGen       total 232960K, used 97409K [0x00000006c1c00000, 0x00000006cff80000, 0x000000076b400000)
  object space 232960K, 41% used [0x00000006c1c00000,0x00000006c7b20540,0x00000006cff80000)
 Metaspace       used 45454K, capacity 48601K, committed 48808K, reserved 1089536K
  class space    used 6898K, capacity 7842K, committed 7848K, reserved 1048576K
Event: 26.863 GC heap after
Heap after GC invocations=34 (full 2):
 PSYoungGen      total 1118720K, used 11666K [0x000000076b400000, 0x00000007b3280000, 0x00000007c0000000)
  eden space 1097216K, 0% used [0x000000076b400000,0x000000076b400000,0x00000007ae380000)
  from space 21504K, 54% used [0x00000007b1d80000,0x00000007b28e4ba0,0x00000007b3280000)
  to   space 27136K, 0% used [0x00000007ae380000,0x00000007ae380000,0x00000007afe00000)
 ParOldGen       total 232960K, used 97569K [0x00000006c1c00000, 0x00000006cff80000, 0x000000076b400000)
  object space 232960K, 41% used [0x00000006c1c00000,0x00000006c7b48540,0x00000006cff80000)
 Metaspace       used 45454K, capacity 48601K, committed 48808K, reserved 1089536K
  class space    used 6898K, capacity 7842K, committed 7848K, reserved 1048576K
}
Event: 27.553 GC heap before
{Heap before GC invocations=35 (full 2):
 PSYoungGen      total 1118720K, used 1108882K [0x000000076b400000, 0x00000007b3280000, 0x00000007c0000000)
  eden space 1097216K, 100% used [0x000000076b400000,0x00000007ae380000,0x00000007ae380000)
  from space 21504K, 54% used [0x00000007b1d80000,0x00000007b28e4ba0,0x00000007b3280000)
  to   space 27136K, 0% used [0x00000007ae380000,0x00000007ae380000,0x00000007afe00000)
 ParOldGen       total 232960K, used 97569K [0x00000006c1c00000, 0x00000006cff80000, 0x000000076b400000)
  object space 232960K, 41% used [0x00000006c1c00000,0x00000006c7b48540,0x00000006cff80000)
 Metaspace       used 45474K, capacity 48665K, committed 48808K, reserved 1089536K
  class space    used 6900K, capacity 7842K, committed 7848K, reserved 1048576K
Event: 27.572 GC heap after
Heap after GC invocations=35 (full 2):
 PSYoungGen      total 1124352K, used 16957K [0x000000076b400000, 0x00000007b3700000, 0x00000007c0000000)
  eden space 1097216K, 0% used [0x000000076b400000,0x000000076b400000,0x00000007ae380000)
  from space 27136K, 62% used [0x00000007ae380000,0x00000007af40f648,0x00000007afe00000)
  to   space 22528K, 0% used [0x00000007b2100000,0x00000007b2100000,0x00000007b3700000)
 ParOldGen       total 232960K, used 97729K [0x00000006c1c00000, 0x00000006cff80000, 0x000000076b400000)
  object space 232960K, 41% used [0x00000006c1c00000,0x00000006c7b70540,0x00000006cff80000)
 Metaspace       used 45474K, capacity 48665K, committed 48808K, reserved 1089536K
  class space    used 6900K, capacity 7842K, committed 7848K, reserved 1048576K
}
Event: 28.785 GC heap before
{Heap before GC invocations=36 (full 2):
 PSYoungGen      total 1124352K, used 1114173K [0x000000076b400000, 0x00000007b3700000, 0x00000007c0000000)
  eden space 1097216K, 100% used [0x000000076b400000,0x00000007ae380000,0x00000007ae380000)
  from space 27136K, 62% used [0x00000007ae380000,0x00000007af40f648,0x00000007afe00000)
  to   space 22528K, 0% used [0x00000007b2100000,0x00000007b2100000,0x00000007b3700000)
 ParOldGen       total 232960K, used 97729K [0x00000006c1c00000, 0x00000006cff80000, 0x000000076b400000)
  object space 232960K, 41% used [0x00000006c1c00000,0x00000006c7b70540,0x00000006cff80000)
 Metaspace       used 45489K, capacity 48665K, committed 48808K, reserved 1089536K
  class space    used 6900K, capacity 7842K, committed 7848K, reserved 1048576K
Event: 28.829 GC heap after
Heap after GC invocations=36 (full 2):
 PSYoungGen      total 1158656K, used 17554K [0x000000076b400000, 0x00000007b4000000, 0x00000007c0000000)
  eden space 1136128K, 0% used [0x000000076b400000,0x000000076b400000,0x00000007b0980000)
  from space 22528K, 77% used [0x00000007b2100000,0x00000007b3224ba0,0x00000007b3700000)
  to   space 24064K, 0% used [0x00000007b0980000,0x00000007b0980000,0x00000007b2100000)
 ParOldGen       total 232960K, used 97945K [0x00000006c1c00000, 0x00000006cff80000, 0x000000076b400000)
  object space 232960K, 42% used [0x00000006c1c00000,0x00000006c7ba6540,0x00000006cff80000)
 Metaspace       used 45489K, capacity 48665K, committed 48808K, reserved 1089536K
  class space    used 6900K, capacity 7842K, committed 7848K, reserved 1048576K
}

